  GLAPI.cpp
C:\Users\noster\Desktop\WinapiHades\WinapiHades\WinAPI\GLAPI.cpp(75,22): warning C4018: '<': signed 또는 unsigned가 일치하지 않습니다.
C:\Users\noster\Desktop\WinapiHades\WinapiHades\WinAPI\GLAPI.cpp(138,22): warning C4018: '<': signed 또는 unsigned가 일치하지 않습니다.
C:\Users\noster\Desktop\WinapiHades\WinapiHades\WinAPI\GLAPI.cpp(146,19): warning C4244: '초기화 중': 'ullong'에서 'ulong'(으)로 변환하면서 데이터가 손실될 수 있습니다.
C:\Users\noster\Desktop\WinapiHades\WinapiHades\WinAPI\GLAPI.cpp(148,20): warning C4244: '초기화 중': 'unsigned long'에서 'uchar'(으)로 변환하면서 데이터가 손실될 수 있습니다.
C:\Users\noster\Desktop\WinapiHades\WinapiHades\WinAPI\GLAPI.cpp(152,21): warning C4018: '<': signed 또는 unsigned가 일치하지 않습니다.
C:\Users\noster\Desktop\WinapiHades\WinapiHades\WinAPI\GLAPI.cpp(157,21): warning C4018: '<': signed 또는 unsigned가 일치하지 않습니다.
C:\Users\noster\Desktop\WinapiHades\WinapiHades\WinAPI\GLAPI.cpp(159,22): warning C4018: '<': signed 또는 unsigned가 일치하지 않습니다.
C:\Users\noster\Desktop\WinapiHades\WinapiHades\WinAPI\GLAPI.cpp(201,22): warning C4018: '<': signed 또는 unsigned가 일치하지 않습니다.
C:\Users\noster\Desktop\WinapiHades\WinapiHades\WinAPI\GLAPI.cpp(228,84): warning C4267: '인수': 'size_t'에서 'GLsizei'(으)로 변환하면서 데이터가 손실될 수 있습니다.
C:\Users\noster\Desktop\WinapiHades\WinapiHades\WinAPI\GLAPI.cpp(236,17): warning C4267: '=': 'size_t'에서 'ulong'(으)로 변환하면서 데이터가 손실될 수 있습니다.
C:\Users\noster\Desktop\WinapiHades\WinapiHades\WinAPI\GLAPI.cpp(237,18): warning C4267: '=': 'size_t'에서 'ulong'(으)로 변환하면서 데이터가 손실될 수 있습니다.
C:\Users\noster\Desktop\WinapiHades\WinapiHades\WinAPI\GLAPI.cpp(240,38): warning C4267: '인수': 'size_t'에서 'int'(으)로 변환하면서 데이터가 손실될 수 있습니다.
C:\Users\noster\Desktop\WinapiHades\WinapiHades\WinAPI\GLAPI.cpp(324,41): warning C4267: '초기화 중': 'size_t'에서 'int'(으)로 변환하면서 데이터가 손실될 수 있습니다.
C:\Users\noster\Desktop\WinapiHades\WinapiHades\WinAPI\GLAPI.cpp(447,22): warning C4018: '<': signed 또는 unsigned가 일치하지 않습니다.
C:\Users\noster\Desktop\WinapiHades\WinapiHades\WinAPI\GLAPI.cpp(456,19): warning C4244: '초기화 중': 'ullong'에서 'ulong'(으)로 변환하면서 데이터가 손실될 수 있습니다.
C:\Users\noster\Desktop\WinapiHades\WinapiHades\WinAPI\GLAPI.cpp(458,20): warning C4244: '초기화 중': 'unsigned long'에서 'uchar'(으)로 변환하면서 데이터가 손실될 수 있습니다.
C:\Users\noster\Desktop\WinapiHades\WinapiHades\WinAPI\GLAPI.cpp(464,21): warning C4018: '<': signed 또는 unsigned가 일치하지 않습니다.
C:\Users\noster\Desktop\WinapiHades\WinapiHades\WinAPI\GLAPI.cpp(471,21): warning C4018: '<': signed 또는 unsigned가 일치하지 않습니다.
C:\Users\noster\Desktop\WinapiHades\WinapiHades\WinAPI\GLAPI.cpp(472,22): warning C4018: '<': signed 또는 unsigned가 일치하지 않습니다.
C:\Users\noster\Desktop\WinapiHades\WinapiHades\WinAPI\GLAPI.cpp(594,12): warning C4244: '인수': 'int'에서 'const float'(으)로 변환하면서 데이터가 손실될 수 있습니다.
  WinAPI.vcxproj -> C:\Users\noster\Desktop\WinapiHades\WinapiHades\x64\Debug\WinAPI.exe
